<?xml version="1.0" encoding="UTF-8"?>
<testng-results skipped="0" failed="0" total="1" passed="1">
  <reporter-output>
  </reporter-output>
  <suite name="Default suite" duration-ms="11357" started-at="2018-12-16T19:07:01Z" finished-at="2018-12-16T19:07:12Z">
    <groups>
    </groups>
    <test name="Default test" duration-ms="11357" started-at="2018-12-16T19:07:01Z" finished-at="2018-12-16T19:07:12Z">
      <class name="demo.saucelabs_test">
        <test-method status="PASS" signature="setup()[pri:0, instance:demo.saucelabs_test@d2cc05a]" name="setup" duration-ms="11328" started-at="2018-12-16T23:07:01Z" finished-at="2018-12-16T23:07:12Z">
          <reporter-output>
          </reporter-output>
        </test-method> <!-- setup -->
      </class> <!-- demo.saucelabs_test -->
    </test> <!-- Default test -->
  </suite> <!-- Default suite -->
</testng-results>
